<?xml version="1.0" encoding="UTF-8"?>
<!-- Generated by org.testng.reporters.JUnitReportReporter -->
<testsuite hostname="CHE7-L21417" failures="0" tests="11" name="com.appspot.cp0806.createlibrarytest.vdemManagerMoveFeature" time="41.373" errors="1" timestamp="2022-09-20T18:52:42 IST" skipped="10">
  <testcase classname="com.appspot.cp0806.createlibrarytest.vdemManagerMoveFeature" name="runOtherFileManager" time="0.000">
    <skipped/>
  </testcase> <!-- runOtherFileManager -->
  <system-out/>
  <testcase classname="com.appspot.cp0806.createlibrarytest.vdemManagerMoveFeature" name="runNewFile" time="0.000">
    <skipped/>
  </testcase> <!-- runNewFile -->
  <system-out/>
  <testcase classname="com.appspot.cp0806.createlibrarytest.vdemManagerMoveFeature" name="runFileManager" time="0.000">
    <skipped/>
  </testcase> <!-- runFileManager -->
  <system-out/>
  <testcase classname="com.appspot.cp0806.createlibrarytest.vdemManagerMoveFeature" name="runOtherFolderManagerReverse" time="0.000">
    <skipped/>
  </testcase> <!-- runOtherFolderManagerReverse -->
  <system-out/>
  <testcase classname="com.appspot.cp0806.createlibrarytest.vdemManagerMoveFeature" name="runFolderManagerReverse" time="0.000">
    <skipped/>
  </testcase> <!-- runFolderManagerReverse -->
  <system-out/>
  <testcase classname="com.appspot.cp0806.createlibrarytest.vdemManagerMoveFeature" name="runOtherFolderManager" time="0.000">
    <skipped/>
  </testcase> <!-- runOtherFolderManager -->
  <system-out/>
  <testcase classname="com.appspot.cp0806.createlibrarytest.vdemManagerMoveFeature" name="runFileManagerReverse" time="0.000">
    <skipped/>
  </testcase> <!-- runFileManagerReverse -->
  <system-out/>
  <testcase classname="com.appspot.cp0806.createlibrarytest.vdemManagerMoveFeature" name="runlib" time="41.373">
    <error message="Expected condition failed: waiting for visibility of Proxy element for: DefaultElementLocator &#039;By.xpath: //h4[text()=&#039;Sample reference test&#039;]&#039; (tried for 40 second(s) with 500 milliseconds interval)" type="org.openqa.selenium.TimeoutException">
      <![CDATA[org.openqa.selenium.TimeoutException: Expected condition failed: waiting for visibility of Proxy element for: DefaultElementLocator 'By.xpath: //h4[text()='Sample reference test']' (tried for 40 second(s) with 500 milliseconds interval)
at org.openqa.selenium.support.ui.WebDriverWait.timeoutException(WebDriverWait.java:87)
at org.openqa.selenium.support.ui.FluentWait.until(FluentWait.java:231)
at com.appspot.cp0806.pageObjects.librarypage.ClickLibrary.clickOneLibrary(ClickLibrary.java:27)
at com.appspot.cp0806.createlibrarytest.vdemManagerMoveFeature.runlib(vdemManagerMoveFeature.java:36)
at java.base/jdk.internal.reflect.NativeMethodAccessorImpl.invoke0(Native Method)
at java.base/jdk.internal.reflect.NativeMethodAccessorImpl.invoke(NativeMethodAccessorImpl.java:77)
at java.base/jdk.internal.reflect.DelegatingMethodAccessorImpl.invoke(DelegatingMethodAccessorImpl.java:43)
at java.base/java.lang.reflect.Method.invoke(Method.java:568)
at org.testng.internal.MethodInvocationHelper.invokeMethod(MethodInvocationHelper.java:133)
at org.testng.internal.TestInvoker.invokeMethod(TestInvoker.java:598)
at org.testng.internal.TestInvoker.invokeTestMethod(TestInvoker.java:173)
at org.testng.internal.MethodRunner.runInSequence(MethodRunner.java:46)
at org.testng.internal.TestInvoker$MethodInvocationAgent.invoke(TestInvoker.java:824)
at org.testng.internal.TestInvoker.invokeTestMethods(TestInvoker.java:146)
at org.testng.internal.TestMethodWorker.invokeTestMethods(TestMethodWorker.java:146)
at org.testng.internal.TestMethodWorker.run(TestMethodWorker.java:128)
at java.base/java.util.ArrayList.forEach(ArrayList.java:1511)
at org.testng.TestRunner.privateRun(TestRunner.java:794)
at org.testng.TestRunner.run(TestRunner.java:596)
at org.testng.SuiteRunner.runTest(SuiteRunner.java:377)
at org.testng.SuiteRunner.runSequentially(SuiteRunner.java:371)
at org.testng.SuiteRunner.privateRun(SuiteRunner.java:332)
at org.testng.SuiteRunner.run(SuiteRunner.java:276)
at org.testng.SuiteRunnerWorker.runSuite(SuiteRunnerWorker.java:53)
at org.testng.SuiteRunnerWorker.run(SuiteRunnerWorker.java:96)
at org.testng.TestNG.runSuitesSequentially(TestNG.java:1212)
at org.testng.TestNG.runSuitesLocally(TestNG.java:1134)
at org.testng.TestNG.runSuites(TestNG.java:1063)
at org.testng.TestNG.run(TestNG.java:1031)
at org.testng.remote.AbstractRemoteTestNG.run(AbstractRemoteTestNG.java:115)
at org.testng.remote.RemoteTestNG.initAndRun(RemoteTestNG.java:251)
at org.testng.remote.RemoteTestNG.main(RemoteTestNG.java:77)
Caused by: org.openqa.selenium.NoSuchElementException: no such element: Unable to locate element: {"method":"xpath","selector":"//h4[text()='Sample reference test']"}
  (Session info: chrome=105.0.5195.102)
For documentation on this error, please visit: https://selenium.dev/exceptions/#no_such_element
Build info: version: '4.3.0', revision: 'a4995e2c09*'
System info: host: 'CHE7-L21417', ip: '10.176.26.16', os.name: 'Windows 10', os.arch: 'amd64', os.version: '10.0', java.version: '17.0.3'
Driver info: org.openqa.selenium.chrome.ChromeDriver
Command: [3f0e27037030e7a2e9466a5a0470621f, findElement {using=xpath, value=//h4[text()='Sample reference test']}]
Capabilities {acceptInsecureCerts: false, browserName: chrome, browserVersion: 105.0.5195.102, chrome: {chromedriverVersion: 105.0.5195.52 (412c95e51883..., userDataDir: C:\Users\amuthusa\AppData\L...}, goog:chromeOptions: {debuggerAddress: localhost:58729}, networkConnectionEnabled: false, pageLoadStrategy: normal, platformName: WINDOWS, proxy: Proxy(), se:cdp: ws://localhost:58729/devtoo..., se:cdpVersion: 105.0.5195.102, setWindowRect: true, strictFileInteractability: false, timeouts: {implicit: 0, pageLoad: 300000, script: 30000}, unhandledPromptBehavior: dismiss and notify, webauthn:extension:credBlob: true, webauthn:extension:largeBlob: true, webauthn:virtualAuthenticators: true}
Session ID: 3f0e27037030e7a2e9466a5a0470621f
at jdk.internal.reflect.GeneratedConstructorAccessor18.newInstance(Unknown Source)
at java.base/jdk.internal.reflect.DelegatingConstructorAccessorImpl.newInstance(DelegatingConstructorAccessorImpl.java:45)
at java.base/java.lang.reflect.Constructor.newInstanceWithCaller(Constructor.java:499)
at java.base/java.lang.reflect.Constructor.newInstance(Constructor.java:480)
at org.openqa.selenium.remote.codec.w3c.W3CHttpResponseCodec.createException(W3CHttpResponseCodec.java:200)
at org.openqa.selenium.remote.codec.w3c.W3CHttpResponseCodec.decode(W3CHttpResponseCodec.java:133)
at org.openqa.selenium.remote.codec.w3c.W3CHttpResponseCodec.decode(W3CHttpResponseCodec.java:53)
at org.openqa.selenium.remote.HttpCommandExecutor.execute(HttpCommandExecutor.java:184)
at org.openqa.selenium.remote.service.DriverCommandExecutor.invokeExecute(DriverCommandExecutor.java:167)
at org.openqa.selenium.remote.service.DriverCommandExecutor.execute(DriverCommandExecutor.java:142)
at org.openqa.selenium.remote.RemoteWebDriver.execute(RemoteWebDriver.java:569)
at org.openqa.selenium.remote.ElementLocation$ElementFinder$2.findElement(ElementLocation.java:162)
at org.openqa.selenium.remote.ElementLocation.findElement(ElementLocation.java:60)
at org.openqa.selenium.remote.RemoteWebDriver.findElement(RemoteWebDriver.java:387)
at org.openqa.selenium.remote.RemoteWebDriver.findElement(RemoteWebDriver.java:379)
at org.openqa.selenium.support.pagefactory.DefaultElementLocator.findElement(DefaultElementLocator.java:70)
at org.openqa.selenium.support.pagefactory.internal.LocatingElementHandler.invoke(LocatingElementHandler.java:39)
at jdk.proxy2/jdk.proxy2.$Proxy17.isDisplayed(Unknown Source)
at org.openqa.selenium.support.ui.ExpectedConditions.elementIfVisible(ExpectedConditions.java:307)
at org.openqa.selenium.support.ui.ExpectedConditions.access$000(ExpectedConditions.java:40)
at org.openqa.selenium.support.ui.ExpectedConditions$10.apply(ExpectedConditions.java:293)
at org.openqa.selenium.support.ui.ExpectedConditions$10.apply(ExpectedConditions.java:290)
at org.openqa.selenium.support.ui.FluentWait.until(FluentWait.java:208)
... 30 more
]]>
    </error>
  </testcase> <!-- runlib -->
  <system-out/>
  <testcase classname="com.appspot.cp0806.createlibrarytest.vdemManagerMoveFeature" name="runNewFolder" time="0.000">
    <skipped/>
  </testcase> <!-- runNewFolder -->
  <system-out/>
  <testcase classname="com.appspot.cp0806.createlibrarytest.vdemManagerMoveFeature" name="runFolderManager" time="0.000">
    <skipped/>
  </testcase> <!-- runFolderManager -->
  <system-out/>
  <testcase classname="com.appspot.cp0806.createlibrarytest.vdemManagerMoveFeature" name="runOtherFileManagerReverse" time="0.000">
    <skipped/>
  </testcase> <!-- runOtherFileManagerReverse -->
  <system-out/>
</testsuite> <!-- com.appspot.cp0806.createlibrarytest.vdemManagerMoveFeature -->
